12-13 14:30:28 [INFO][servlet.DispatcherServlet(484)] FrameworkServlet 'website': initialization started
12-13 14:30:28 [INFO][support.XmlWebApplicationContext(510)] Refreshing WebApplicationContext for namespace 'website-servlet': startup date [Thu Dec 13 14:30:28 CST 2018]; root of context hierarchy
12-13 14:30:28 [INFO][xml.XmlBeanDefinitionReader(317)] Loading XML bean definitions from class path resource [website-servlet.xml]
12-13 14:30:28 [INFO][xml.XmlBeanDefinitionReader(317)] Loading XML bean definitions from class path resource [applicationContext.xml]
12-13 14:30:28 [INFO][support.DefaultListableBeanFactory(793)] Overriding bean definition for bean 'mvcContentNegotiationManager': replacing [Root bean: class [org.springframework.web.accept.ContentNegotiationManagerFactoryBean]; scope=; abstract=false; lazyInit=false; autowireMode=0; dependencyCheck=0; autowireCandidate=true; primary=false; factoryBeanName=null; factoryMethodName=null; initMethodName=null; destroyMethodName=null] with [Root bean: class [org.springframework.web.accept.ContentNegotiationManagerFactoryBean]; scope=; abstract=false; lazyInit=false; autowireMode=0; dependencyCheck=0; autowireCandidate=true; primary=false; factoryBeanName=null; factoryMethodName=null; initMethodName=null; destroyMethodName=null]
12-13 14:30:28 [INFO][support.DefaultListableBeanFactory(793)] Overriding bean definition for bean 'mvcUriComponentsContributor': replacing [Root bean: class [org.springframework.web.servlet.config.AnnotationDrivenBeanDefinitionParser$CompositeUriComponentsContributorFactoryBean]; scope=; abstract=false; lazyInit=false; autowireMode=0; dependencyCheck=0; autowireCandidate=true; primary=false; factoryBeanName=null; factoryMethodName=null; initMethodName=null; destroyMethodName=null] with [Root bean: class [org.springframework.web.servlet.config.AnnotationDrivenBeanDefinitionParser$CompositeUriComponentsContributorFactoryBean]; scope=; abstract=false; lazyInit=false; autowireMode=0; dependencyCheck=0; autowireCandidate=true; primary=false; factoryBeanName=null; factoryMethodName=null; initMethodName=null; destroyMethodName=null]
12-13 14:30:28 [INFO][config.PropertyPlaceholderConfigurer(172)] Loading properties file from class path resource [jdbc.properties]
12-13 14:30:28 [INFO][annotation.AutowiredAnnotationBeanPostProcessor(153)] JSR-330 'javax.inject.Inject' annotation found and supported for autowiring
12-13 14:30:29 [INFO][pool.DruidDataSource(638)] {dataSource-1} inited
12-13 14:30:29 [INFO][concurrent.ThreadPoolTaskScheduler(165)] Initializing ExecutorService  'taskScheduler'
12-13 14:30:29 [INFO][concurrent.ThreadPoolTaskScheduler(165)] Initializing ExecutorService  'taskScheduler'
12-13 14:30:29 [INFO][annotation.RequestMappingHandlerAdapter(523)] Looking for @ControllerAdvice: WebApplicationContext for namespace 'website-servlet': startup date [Thu Dec 13 14:30:28 CST 2018]; root of context hierarchy
12-13 14:30:29 [INFO][annotation.RequestMappingHandlerMapping(220)] Mapped "{[/wifi/],methods=[GET],params=[],headers=[],consumes=[],produces=[],custom=[]}" onto public java.lang.String com.sdyc.hengqin.controller.DetectiveController.test()
12-13 14:30:29 [INFO][annotation.RequestMappingHandlerAdapter(523)] Looking for @ControllerAdvice: WebApplicationContext for namespace 'website-servlet': startup date [Thu Dec 13 14:30:28 CST 2018]; root of context hierarchy
12-13 14:30:29 [INFO][annotation.RequestMappingHandlerAdapter(523)] Looking for @ControllerAdvice: WebApplicationContext for namespace 'website-servlet': startup date [Thu Dec 13 14:30:28 CST 2018]; root of context hierarchy
12-13 14:30:29 [INFO][handler.SimpleUrlHandlerMapping(315)] Mapped URL path [/static/**] onto handler 'org.springframework.web.servlet.resource.ResourceHttpRequestHandler#0'
12-13 14:30:29 [INFO][annotation.RequestMappingHandlerMapping(220)] Mapped "{[/wifi/],methods=[GET],params=[],headers=[],consumes=[],produces=[],custom=[]}" onto public java.lang.String com.sdyc.hengqin.controller.DetectiveController.test()
12-13 14:30:29 [INFO][annotation.RequestMappingHandlerAdapter(523)] Looking for @ControllerAdvice: WebApplicationContext for namespace 'website-servlet': startup date [Thu Dec 13 14:30:28 CST 2018]; root of context hierarchy
12-13 14:30:29 [INFO][servlet.DispatcherServlet(503)] FrameworkServlet 'website': initialization completed in 1612 ms
12-13 15:59:16 [INFO][servlet.DispatcherServlet(484)] FrameworkServlet 'website': initialization started
12-13 15:59:16 [INFO][support.XmlWebApplicationContext(510)] Refreshing WebApplicationContext for namespace 'website-servlet': startup date [Thu Dec 13 15:59:16 CST 2018]; root of context hierarchy
12-13 15:59:17 [INFO][xml.XmlBeanDefinitionReader(317)] Loading XML bean definitions from class path resource [website-servlet.xml]
12-13 15:59:17 [INFO][xml.XmlBeanDefinitionReader(317)] Loading XML bean definitions from class path resource [applicationContext.xml]
12-13 15:59:17 [INFO][support.DefaultListableBeanFactory(793)] Overriding bean definition for bean 'mvcContentNegotiationManager': replacing [Root bean: class [org.springframework.web.accept.ContentNegotiationManagerFactoryBean]; scope=; abstract=false; lazyInit=false; autowireMode=0; dependencyCheck=0; autowireCandidate=true; primary=false; factoryBeanName=null; factoryMethodName=null; initMethodName=null; destroyMethodName=null] with [Root bean: class [org.springframework.web.accept.ContentNegotiationManagerFactoryBean]; scope=; abstract=false; lazyInit=false; autowireMode=0; dependencyCheck=0; autowireCandidate=true; primary=false; factoryBeanName=null; factoryMethodName=null; initMethodName=null; destroyMethodName=null]
12-13 15:59:17 [INFO][support.DefaultListableBeanFactory(793)] Overriding bean definition for bean 'mvcUriComponentsContributor': replacing [Root bean: class [org.springframework.web.servlet.config.AnnotationDrivenBeanDefinitionParser$CompositeUriComponentsContributorFactoryBean]; scope=; abstract=false; lazyInit=false; autowireMode=0; dependencyCheck=0; autowireCandidate=true; primary=false; factoryBeanName=null; factoryMethodName=null; initMethodName=null; destroyMethodName=null] with [Root bean: class [org.springframework.web.servlet.config.AnnotationDrivenBeanDefinitionParser$CompositeUriComponentsContributorFactoryBean]; scope=; abstract=false; lazyInit=false; autowireMode=0; dependencyCheck=0; autowireCandidate=true; primary=false; factoryBeanName=null; factoryMethodName=null; initMethodName=null; destroyMethodName=null]
12-13 15:59:17 [INFO][config.PropertyPlaceholderConfigurer(172)] Loading properties file from class path resource [jdbc.properties]
12-13 15:59:17 [INFO][annotation.AutowiredAnnotationBeanPostProcessor(153)] JSR-330 'javax.inject.Inject' annotation found and supported for autowiring
12-13 15:59:18 [INFO][pool.DruidDataSource(638)] {dataSource-1} inited
12-13 15:59:18 [INFO][concurrent.ThreadPoolTaskScheduler(165)] Initializing ExecutorService  'taskScheduler'
12-13 15:59:18 [INFO][concurrent.ThreadPoolTaskScheduler(165)] Initializing ExecutorService  'taskScheduler'
12-13 15:59:18 [INFO][annotation.RequestMappingHandlerAdapter(523)] Looking for @ControllerAdvice: WebApplicationContext for namespace 'website-servlet': startup date [Thu Dec 13 15:59:16 CST 2018]; root of context hierarchy
12-13 15:59:18 [INFO][annotation.RequestMappingHandlerMapping(220)] Mapped "{[/wifi/],methods=[GET],params=[],headers=[],consumes=[],produces=[],custom=[]}" onto public java.lang.String com.sdyc.hengqin.controller.DetectiveController.test()
12-13 15:59:19 [INFO][annotation.RequestMappingHandlerAdapter(523)] Looking for @ControllerAdvice: WebApplicationContext for namespace 'website-servlet': startup date [Thu Dec 13 15:59:16 CST 2018]; root of context hierarchy
12-13 15:59:19 [INFO][annotation.RequestMappingHandlerAdapter(523)] Looking for @ControllerAdvice: WebApplicationContext for namespace 'website-servlet': startup date [Thu Dec 13 15:59:16 CST 2018]; root of context hierarchy
12-13 15:59:19 [INFO][handler.SimpleUrlHandlerMapping(315)] Mapped URL path [/static/**] onto handler 'org.springframework.web.servlet.resource.ResourceHttpRequestHandler#0'
12-13 15:59:19 [INFO][annotation.RequestMappingHandlerMapping(220)] Mapped "{[/wifi/],methods=[GET],params=[],headers=[],consumes=[],produces=[],custom=[]}" onto public java.lang.String com.sdyc.hengqin.controller.DetectiveController.test()
12-13 15:59:19 [INFO][annotation.RequestMappingHandlerAdapter(523)] Looking for @ControllerAdvice: WebApplicationContext for namespace 'website-servlet': startup date [Thu Dec 13 15:59:16 CST 2018]; root of context hierarchy
12-13 15:59:19 [INFO][servlet.DispatcherServlet(503)] FrameworkServlet 'website': initialization completed in 2302 ms
12-13 15:59:51 [WARN][servlet.PageNotFound(1120)] No mapping found for HTTP request with URI [/index.jsp/] in DispatcherServlet with name 'website'
12-13 16:06:11 [INFO][servlet.DispatcherServlet(484)] FrameworkServlet 'website': initialization started
12-13 16:06:12 [INFO][support.XmlWebApplicationContext(510)] Refreshing WebApplicationContext for namespace 'website-servlet': startup date [Thu Dec 13 16:06:12 CST 2018]; root of context hierarchy
12-13 16:06:12 [INFO][xml.XmlBeanDefinitionReader(317)] Loading XML bean definitions from class path resource [website-servlet.xml]
12-13 16:06:12 [INFO][xml.XmlBeanDefinitionReader(317)] Loading XML bean definitions from class path resource [applicationContext.xml]
12-13 16:06:12 [INFO][support.DefaultListableBeanFactory(793)] Overriding bean definition for bean 'mvcContentNegotiationManager': replacing [Root bean: class [org.springframework.web.accept.ContentNegotiationManagerFactoryBean]; scope=; abstract=false; lazyInit=false; autowireMode=0; dependencyCheck=0; autowireCandidate=true; primary=false; factoryBeanName=null; factoryMethodName=null; initMethodName=null; destroyMethodName=null] with [Root bean: class [org.springframework.web.accept.ContentNegotiationManagerFactoryBean]; scope=; abstract=false; lazyInit=false; autowireMode=0; dependencyCheck=0; autowireCandidate=true; primary=false; factoryBeanName=null; factoryMethodName=null; initMethodName=null; destroyMethodName=null]
12-13 16:06:12 [INFO][support.DefaultListableBeanFactory(793)] Overriding bean definition for bean 'mvcUriComponentsContributor': replacing [Root bean: class [org.springframework.web.servlet.config.AnnotationDrivenBeanDefinitionParser$CompositeUriComponentsContributorFactoryBean]; scope=; abstract=false; lazyInit=false; autowireMode=0; dependencyCheck=0; autowireCandidate=true; primary=false; factoryBeanName=null; factoryMethodName=null; initMethodName=null; destroyMethodName=null] with [Root bean: class [org.springframework.web.servlet.config.AnnotationDrivenBeanDefinitionParser$CompositeUriComponentsContributorFactoryBean]; scope=; abstract=false; lazyInit=false; autowireMode=0; dependencyCheck=0; autowireCandidate=true; primary=false; factoryBeanName=null; factoryMethodName=null; initMethodName=null; destroyMethodName=null]
12-13 16:06:12 [INFO][config.PropertyPlaceholderConfigurer(172)] Loading properties file from class path resource [jdbc.properties]
12-13 16:06:12 [INFO][annotation.AutowiredAnnotationBeanPostProcessor(153)] JSR-330 'javax.inject.Inject' annotation found and supported for autowiring
12-13 16:06:12 [INFO][pool.DruidDataSource(638)] {dataSource-1} inited
12-13 16:06:12 [INFO][concurrent.ThreadPoolTaskScheduler(165)] Initializing ExecutorService  'taskScheduler'
12-13 16:06:12 [INFO][concurrent.ThreadPoolTaskScheduler(165)] Initializing ExecutorService  'taskScheduler'
12-13 16:06:13 [INFO][annotation.RequestMappingHandlerAdapter(523)] Looking for @ControllerAdvice: WebApplicationContext for namespace 'website-servlet': startup date [Thu Dec 13 16:06:12 CST 2018]; root of context hierarchy
12-13 16:06:13 [INFO][annotation.RequestMappingHandlerMapping(220)] Mapped "{[/wifi/],methods=[],params=[],headers=[],consumes=[],produces=[],custom=[]}" onto public org.springframework.web.servlet.ModelAndView com.sdyc.hengqin.controller.DetectiveController.add(org.springframework.ui.Model)
12-13 16:06:13 [INFO][annotation.RequestMappingHandlerAdapter(523)] Looking for @ControllerAdvice: WebApplicationContext for namespace 'website-servlet': startup date [Thu Dec 13 16:06:12 CST 2018]; root of context hierarchy
12-13 16:06:13 [INFO][annotation.RequestMappingHandlerAdapter(523)] Looking for @ControllerAdvice: WebApplicationContext for namespace 'website-servlet': startup date [Thu Dec 13 16:06:12 CST 2018]; root of context hierarchy
12-13 16:06:13 [INFO][handler.SimpleUrlHandlerMapping(315)] Mapped URL path [/static/**] onto handler 'org.springframework.web.servlet.resource.ResourceHttpRequestHandler#0'
12-13 16:06:13 [INFO][annotation.RequestMappingHandlerMapping(220)] Mapped "{[/wifi/],methods=[],params=[],headers=[],consumes=[],produces=[],custom=[]}" onto public org.springframework.web.servlet.ModelAndView com.sdyc.hengqin.controller.DetectiveController.add(org.springframework.ui.Model)
12-13 16:06:13 [INFO][annotation.RequestMappingHandlerAdapter(523)] Looking for @ControllerAdvice: WebApplicationContext for namespace 'website-servlet': startup date [Thu Dec 13 16:06:12 CST 2018]; root of context hierarchy
12-13 16:06:13 [INFO][servlet.DispatcherServlet(503)] FrameworkServlet 'website': initialization completed in 1670 ms
12-13 16:07:50 [WARN][servlet.PageNotFound(1120)] No mapping found for HTTP request with URI [/wifi/index] in DispatcherServlet with name 'website'
12-13 16:09:17 [INFO][servlet.DispatcherServlet(484)] FrameworkServlet 'website': initialization started
12-13 16:09:17 [INFO][support.XmlWebApplicationContext(510)] Refreshing WebApplicationContext for namespace 'website-servlet': startup date [Thu Dec 13 16:09:17 CST 2018]; root of context hierarchy
12-13 16:09:17 [INFO][xml.XmlBeanDefinitionReader(317)] Loading XML bean definitions from class path resource [website-servlet.xml]
12-13 16:09:17 [INFO][xml.XmlBeanDefinitionReader(317)] Loading XML bean definitions from class path resource [applicationContext.xml]
12-13 16:09:17 [INFO][support.DefaultListableBeanFactory(793)] Overriding bean definition for bean 'mvcContentNegotiationManager': replacing [Root bean: class [org.springframework.web.accept.ContentNegotiationManagerFactoryBean]; scope=; abstract=false; lazyInit=false; autowireMode=0; dependencyCheck=0; autowireCandidate=true; primary=false; factoryBeanName=null; factoryMethodName=null; initMethodName=null; destroyMethodName=null] with [Root bean: class [org.springframework.web.accept.ContentNegotiationManagerFactoryBean]; scope=; abstract=false; lazyInit=false; autowireMode=0; dependencyCheck=0; autowireCandidate=true; primary=false; factoryBeanName=null; factoryMethodName=null; initMethodName=null; destroyMethodName=null]
12-13 16:09:17 [INFO][support.DefaultListableBeanFactory(793)] Overriding bean definition for bean 'mvcUriComponentsContributor': replacing [Root bean: class [org.springframework.web.servlet.config.AnnotationDrivenBeanDefinitionParser$CompositeUriComponentsContributorFactoryBean]; scope=; abstract=false; lazyInit=false; autowireMode=0; dependencyCheck=0; autowireCandidate=true; primary=false; factoryBeanName=null; factoryMethodName=null; initMethodName=null; destroyMethodName=null] with [Root bean: class [org.springframework.web.servlet.config.AnnotationDrivenBeanDefinitionParser$CompositeUriComponentsContributorFactoryBean]; scope=; abstract=false; lazyInit=false; autowireMode=0; dependencyCheck=0; autowireCandidate=true; primary=false; factoryBeanName=null; factoryMethodName=null; initMethodName=null; destroyMethodName=null]
12-13 16:09:17 [INFO][config.PropertyPlaceholderConfigurer(172)] Loading properties file from class path resource [jdbc.properties]
12-13 16:09:17 [INFO][annotation.AutowiredAnnotationBeanPostProcessor(153)] JSR-330 'javax.inject.Inject' annotation found and supported for autowiring
12-13 16:09:18 [INFO][pool.DruidDataSource(638)] {dataSource-1} inited
12-13 16:09:18 [INFO][concurrent.ThreadPoolTaskScheduler(165)] Initializing ExecutorService  'taskScheduler'
12-13 16:09:18 [INFO][concurrent.ThreadPoolTaskScheduler(165)] Initializing ExecutorService  'taskScheduler'
12-13 16:09:18 [INFO][annotation.RequestMappingHandlerAdapter(523)] Looking for @ControllerAdvice: WebApplicationContext for namespace 'website-servlet': startup date [Thu Dec 13 16:09:17 CST 2018]; root of context hierarchy
12-13 16:09:18 [INFO][annotation.RequestMappingHandlerMapping(220)] Mapped "{[/wifi/],methods=[],params=[],headers=[],consumes=[],produces=[],custom=[]}" onto public org.springframework.web.servlet.ModelAndView com.sdyc.hengqin.controller.DetectiveController.add(org.springframework.ui.Model)
12-13 16:09:18 [INFO][annotation.RequestMappingHandlerAdapter(523)] Looking for @ControllerAdvice: WebApplicationContext for namespace 'website-servlet': startup date [Thu Dec 13 16:09:17 CST 2018]; root of context hierarchy
12-13 16:09:18 [INFO][annotation.RequestMappingHandlerAdapter(523)] Looking for @ControllerAdvice: WebApplicationContext for namespace 'website-servlet': startup date [Thu Dec 13 16:09:17 CST 2018]; root of context hierarchy
12-13 16:09:19 [INFO][handler.SimpleUrlHandlerMapping(315)] Mapped URL path [/static/**] onto handler 'org.springframework.web.servlet.resource.ResourceHttpRequestHandler#0'
12-13 16:09:19 [INFO][annotation.RequestMappingHandlerMapping(220)] Mapped "{[/wifi/],methods=[],params=[],headers=[],consumes=[],produces=[],custom=[]}" onto public org.springframework.web.servlet.ModelAndView com.sdyc.hengqin.controller.DetectiveController.add(org.springframework.ui.Model)
12-13 16:09:19 [INFO][annotation.RequestMappingHandlerAdapter(523)] Looking for @ControllerAdvice: WebApplicationContext for namespace 'website-servlet': startup date [Thu Dec 13 16:09:17 CST 2018]; root of context hierarchy
12-13 16:09:19 [INFO][servlet.DispatcherServlet(503)] FrameworkServlet 'website': initialization completed in 1929 ms
12-13 16:11:03 [INFO][servlet.DispatcherServlet(484)] FrameworkServlet 'website': initialization started
12-13 16:11:03 [INFO][support.XmlWebApplicationContext(510)] Refreshing WebApplicationContext for namespace 'website-servlet': startup date [Thu Dec 13 16:11:03 CST 2018]; root of context hierarchy
12-13 16:11:03 [INFO][xml.XmlBeanDefinitionReader(317)] Loading XML bean definitions from class path resource [website-servlet.xml]
12-13 16:11:03 [INFO][xml.XmlBeanDefinitionReader(317)] Loading XML bean definitions from class path resource [applicationContext.xml]
12-13 16:11:03 [INFO][support.DefaultListableBeanFactory(793)] Overriding bean definition for bean 'mvcContentNegotiationManager': replacing [Root bean: class [org.springframework.web.accept.ContentNegotiationManagerFactoryBean]; scope=; abstract=false; lazyInit=false; autowireMode=0; dependencyCheck=0; autowireCandidate=true; primary=false; factoryBeanName=null; factoryMethodName=null; initMethodName=null; destroyMethodName=null] with [Root bean: class [org.springframework.web.accept.ContentNegotiationManagerFactoryBean]; scope=; abstract=false; lazyInit=false; autowireMode=0; dependencyCheck=0; autowireCandidate=true; primary=false; factoryBeanName=null; factoryMethodName=null; initMethodName=null; destroyMethodName=null]
12-13 16:11:03 [INFO][support.DefaultListableBeanFactory(793)] Overriding bean definition for bean 'mvcUriComponentsContributor': replacing [Root bean: class [org.springframework.web.servlet.config.AnnotationDrivenBeanDefinitionParser$CompositeUriComponentsContributorFactoryBean]; scope=; abstract=false; lazyInit=false; autowireMode=0; dependencyCheck=0; autowireCandidate=true; primary=false; factoryBeanName=null; factoryMethodName=null; initMethodName=null; destroyMethodName=null] with [Root bean: class [org.springframework.web.servlet.config.AnnotationDrivenBeanDefinitionParser$CompositeUriComponentsContributorFactoryBean]; scope=; abstract=false; lazyInit=false; autowireMode=0; dependencyCheck=0; autowireCandidate=true; primary=false; factoryBeanName=null; factoryMethodName=null; initMethodName=null; destroyMethodName=null]
12-13 16:11:03 [INFO][config.PropertyPlaceholderConfigurer(172)] Loading properties file from class path resource [jdbc.properties]
12-13 16:11:03 [INFO][annotation.AutowiredAnnotationBeanPostProcessor(153)] JSR-330 'javax.inject.Inject' annotation found and supported for autowiring
12-13 16:11:04 [INFO][pool.DruidDataSource(638)] {dataSource-1} inited
12-13 16:11:04 [INFO][concurrent.ThreadPoolTaskScheduler(165)] Initializing ExecutorService  'taskScheduler'
12-13 16:11:04 [INFO][concurrent.ThreadPoolTaskScheduler(165)] Initializing ExecutorService  'taskScheduler'
12-13 16:11:04 [INFO][annotation.RequestMappingHandlerAdapter(523)] Looking for @ControllerAdvice: WebApplicationContext for namespace 'website-servlet': startup date [Thu Dec 13 16:11:03 CST 2018]; root of context hierarchy
12-13 16:11:04 [INFO][annotation.RequestMappingHandlerMapping(220)] Mapped "{[/wifi/],methods=[],params=[],headers=[],consumes=[],produces=[],custom=[]}" onto public org.springframework.web.servlet.ModelAndView com.sdyc.hengqin.controller.DetectiveController.add(org.springframework.ui.Model)
12-13 16:11:04 [INFO][annotation.RequestMappingHandlerAdapter(523)] Looking for @ControllerAdvice: WebApplicationContext for namespace 'website-servlet': startup date [Thu Dec 13 16:11:03 CST 2018]; root of context hierarchy
12-13 16:11:04 [INFO][annotation.RequestMappingHandlerAdapter(523)] Looking for @ControllerAdvice: WebApplicationContext for namespace 'website-servlet': startup date [Thu Dec 13 16:11:03 CST 2018]; root of context hierarchy
12-13 16:11:04 [INFO][handler.SimpleUrlHandlerMapping(315)] Mapped URL path [/static/**] onto handler 'org.springframework.web.servlet.resource.ResourceHttpRequestHandler#0'
12-13 16:11:04 [INFO][annotation.RequestMappingHandlerMapping(220)] Mapped "{[/wifi/],methods=[],params=[],headers=[],consumes=[],produces=[],custom=[]}" onto public org.springframework.web.servlet.ModelAndView com.sdyc.hengqin.controller.DetectiveController.add(org.springframework.ui.Model)
12-13 16:11:04 [INFO][annotation.RequestMappingHandlerAdapter(523)] Looking for @ControllerAdvice: WebApplicationContext for namespace 'website-servlet': startup date [Thu Dec 13 16:11:03 CST 2018]; root of context hierarchy
12-13 16:11:04 [INFO][servlet.DispatcherServlet(503)] FrameworkServlet 'website': initialization completed in 1582 ms
12-13 16:11:25 [INFO][servlet.DispatcherServlet(484)] FrameworkServlet 'website': initialization started
12-13 16:11:25 [INFO][support.XmlWebApplicationContext(510)] Refreshing WebApplicationContext for namespace 'website-servlet': startup date [Thu Dec 13 16:11:25 CST 2018]; root of context hierarchy
12-13 16:11:25 [INFO][xml.XmlBeanDefinitionReader(317)] Loading XML bean definitions from class path resource [website-servlet.xml]
12-13 16:11:25 [INFO][xml.XmlBeanDefinitionReader(317)] Loading XML bean definitions from class path resource [applicationContext.xml]
12-13 16:11:25 [INFO][support.DefaultListableBeanFactory(793)] Overriding bean definition for bean 'mvcContentNegotiationManager': replacing [Root bean: class [org.springframework.web.accept.ContentNegotiationManagerFactoryBean]; scope=; abstract=false; lazyInit=false; autowireMode=0; dependencyCheck=0; autowireCandidate=true; primary=false; factoryBeanName=null; factoryMethodName=null; initMethodName=null; destroyMethodName=null] with [Root bean: class [org.springframework.web.accept.ContentNegotiationManagerFactoryBean]; scope=; abstract=false; lazyInit=false; autowireMode=0; dependencyCheck=0; autowireCandidate=true; primary=false; factoryBeanName=null; factoryMethodName=null; initMethodName=null; destroyMethodName=null]
12-13 16:11:25 [INFO][support.DefaultListableBeanFactory(793)] Overriding bean definition for bean 'mvcUriComponentsContributor': replacing [Root bean: class [org.springframework.web.servlet.config.AnnotationDrivenBeanDefinitionParser$CompositeUriComponentsContributorFactoryBean]; scope=; abstract=false; lazyInit=false; autowireMode=0; dependencyCheck=0; autowireCandidate=true; primary=false; factoryBeanName=null; factoryMethodName=null; initMethodName=null; destroyMethodName=null] with [Root bean: class [org.springframework.web.servlet.config.AnnotationDrivenBeanDefinitionParser$CompositeUriComponentsContributorFactoryBean]; scope=; abstract=false; lazyInit=false; autowireMode=0; dependencyCheck=0; autowireCandidate=true; primary=false; factoryBeanName=null; factoryMethodName=null; initMethodName=null; destroyMethodName=null]
12-13 16:11:25 [INFO][config.PropertyPlaceholderConfigurer(172)] Loading properties file from class path resource [jdbc.properties]
12-13 16:11:25 [INFO][annotation.AutowiredAnnotationBeanPostProcessor(153)] JSR-330 'javax.inject.Inject' annotation found and supported for autowiring
12-13 16:11:26 [INFO][pool.DruidDataSource(638)] {dataSource-1} inited
12-13 16:11:26 [INFO][concurrent.ThreadPoolTaskScheduler(165)] Initializing ExecutorService  'taskScheduler'
12-13 16:11:26 [INFO][concurrent.ThreadPoolTaskScheduler(165)] Initializing ExecutorService  'taskScheduler'
12-13 16:11:26 [INFO][annotation.RequestMappingHandlerAdapter(523)] Looking for @ControllerAdvice: WebApplicationContext for namespace 'website-servlet': startup date [Thu Dec 13 16:11:25 CST 2018]; root of context hierarchy
12-13 16:11:26 [INFO][annotation.RequestMappingHandlerMapping(220)] Mapped "{[/wifi/],methods=[],params=[],headers=[],consumes=[],produces=[],custom=[]}" onto public org.springframework.web.servlet.ModelAndView com.sdyc.hengqin.controller.DetectiveController.add()
12-13 16:11:26 [INFO][annotation.RequestMappingHandlerAdapter(523)] Looking for @ControllerAdvice: WebApplicationContext for namespace 'website-servlet': startup date [Thu Dec 13 16:11:25 CST 2018]; root of context hierarchy
12-13 16:11:26 [INFO][annotation.RequestMappingHandlerAdapter(523)] Looking for @ControllerAdvice: WebApplicationContext for namespace 'website-servlet': startup date [Thu Dec 13 16:11:25 CST 2018]; root of context hierarchy
12-13 16:11:26 [INFO][handler.SimpleUrlHandlerMapping(315)] Mapped URL path [/static/**] onto handler 'org.springframework.web.servlet.resource.ResourceHttpRequestHandler#0'
12-13 16:11:26 [INFO][annotation.RequestMappingHandlerMapping(220)] Mapped "{[/wifi/],methods=[],params=[],headers=[],consumes=[],produces=[],custom=[]}" onto public org.springframework.web.servlet.ModelAndView com.sdyc.hengqin.controller.DetectiveController.add()
12-13 16:11:26 [INFO][annotation.RequestMappingHandlerAdapter(523)] Looking for @ControllerAdvice: WebApplicationContext for namespace 'website-servlet': startup date [Thu Dec 13 16:11:25 CST 2018]; root of context hierarchy
12-13 16:11:26 [INFO][servlet.DispatcherServlet(503)] FrameworkServlet 'website': initialization completed in 1586 ms
12-13 16:11:44 [INFO][servlet.DispatcherServlet(484)] FrameworkServlet 'website': initialization started
12-13 16:11:44 [INFO][support.XmlWebApplicationContext(510)] Refreshing WebApplicationContext for namespace 'website-servlet': startup date [Thu Dec 13 16:11:44 CST 2018]; root of context hierarchy
12-13 16:11:44 [INFO][xml.XmlBeanDefinitionReader(317)] Loading XML bean definitions from class path resource [website-servlet.xml]
12-13 16:11:44 [INFO][xml.XmlBeanDefinitionReader(317)] Loading XML bean definitions from class path resource [applicationContext.xml]
12-13 16:11:44 [INFO][support.DefaultListableBeanFactory(793)] Overriding bean definition for bean 'mvcContentNegotiationManager': replacing [Root bean: class [org.springframework.web.accept.ContentNegotiationManagerFactoryBean]; scope=; abstract=false; lazyInit=false; autowireMode=0; dependencyCheck=0; autowireCandidate=true; primary=false; factoryBeanName=null; factoryMethodName=null; initMethodName=null; destroyMethodName=null] with [Root bean: class [org.springframework.web.accept.ContentNegotiationManagerFactoryBean]; scope=; abstract=false; lazyInit=false; autowireMode=0; dependencyCheck=0; autowireCandidate=true; primary=false; factoryBeanName=null; factoryMethodName=null; initMethodName=null; destroyMethodName=null]
12-13 16:11:44 [INFO][support.DefaultListableBeanFactory(793)] Overriding bean definition for bean 'mvcUriComponentsContributor': replacing [Root bean: class [org.springframework.web.servlet.config.AnnotationDrivenBeanDefinitionParser$CompositeUriComponentsContributorFactoryBean]; scope=; abstract=false; lazyInit=false; autowireMode=0; dependencyCheck=0; autowireCandidate=true; primary=false; factoryBeanName=null; factoryMethodName=null; initMethodName=null; destroyMethodName=null] with [Root bean: class [org.springframework.web.servlet.config.AnnotationDrivenBeanDefinitionParser$CompositeUriComponentsContributorFactoryBean]; scope=; abstract=false; lazyInit=false; autowireMode=0; dependencyCheck=0; autowireCandidate=true; primary=false; factoryBeanName=null; factoryMethodName=null; initMethodName=null; destroyMethodName=null]
12-13 16:11:44 [INFO][config.PropertyPlaceholderConfigurer(172)] Loading properties file from class path resource [jdbc.properties]
12-13 16:11:44 [INFO][annotation.AutowiredAnnotationBeanPostProcessor(153)] JSR-330 'javax.inject.Inject' annotation found and supported for autowiring
12-13 16:11:45 [INFO][pool.DruidDataSource(638)] {dataSource-1} inited
12-13 16:11:45 [INFO][concurrent.ThreadPoolTaskScheduler(165)] Initializing ExecutorService  'taskScheduler'
12-13 16:11:45 [INFO][concurrent.ThreadPoolTaskScheduler(165)] Initializing ExecutorService  'taskScheduler'
12-13 16:11:45 [INFO][annotation.RequestMappingHandlerAdapter(523)] Looking for @ControllerAdvice: WebApplicationContext for namespace 'website-servlet': startup date [Thu Dec 13 16:11:44 CST 2018]; root of context hierarchy
12-13 16:11:45 [INFO][annotation.RequestMappingHandlerMapping(220)] Mapped "{[/wifi/index],methods=[],params=[],headers=[],consumes=[],produces=[],custom=[]}" onto public org.springframework.web.servlet.ModelAndView com.sdyc.hengqin.controller.DetectiveController.add()
12-13 16:11:45 [INFO][annotation.RequestMappingHandlerAdapter(523)] Looking for @ControllerAdvice: WebApplicationContext for namespace 'website-servlet': startup date [Thu Dec 13 16:11:44 CST 2018]; root of context hierarchy
12-13 16:11:45 [INFO][annotation.RequestMappingHandlerAdapter(523)] Looking for @ControllerAdvice: WebApplicationContext for namespace 'website-servlet': startup date [Thu Dec 13 16:11:44 CST 2018]; root of context hierarchy
12-13 16:11:45 [INFO][handler.SimpleUrlHandlerMapping(315)] Mapped URL path [/static/**] onto handler 'org.springframework.web.servlet.resource.ResourceHttpRequestHandler#0'
12-13 16:11:45 [INFO][annotation.RequestMappingHandlerMapping(220)] Mapped "{[/wifi/index],methods=[],params=[],headers=[],consumes=[],produces=[],custom=[]}" onto public org.springframework.web.servlet.ModelAndView com.sdyc.hengqin.controller.DetectiveController.add()
12-13 16:11:45 [INFO][annotation.RequestMappingHandlerAdapter(523)] Looking for @ControllerAdvice: WebApplicationContext for namespace 'website-servlet': startup date [Thu Dec 13 16:11:44 CST 2018]; root of context hierarchy
12-13 16:11:45 [INFO][servlet.DispatcherServlet(503)] FrameworkServlet 'website': initialization completed in 1618 ms
12-13 16:12:35 [INFO][servlet.DispatcherServlet(484)] FrameworkServlet 'website': initialization started
12-13 16:12:35 [INFO][support.XmlWebApplicationContext(510)] Refreshing WebApplicationContext for namespace 'website-servlet': startup date [Thu Dec 13 16:12:35 CST 2018]; root of context hierarchy
12-13 16:12:35 [INFO][xml.XmlBeanDefinitionReader(317)] Loading XML bean definitions from class path resource [website-servlet.xml]
12-13 16:12:35 [INFO][xml.XmlBeanDefinitionReader(317)] Loading XML bean definitions from class path resource [applicationContext.xml]
12-13 16:12:35 [INFO][support.DefaultListableBeanFactory(793)] Overriding bean definition for bean 'mvcContentNegotiationManager': replacing [Root bean: class [org.springframework.web.accept.ContentNegotiationManagerFactoryBean]; scope=; abstract=false; lazyInit=false; autowireMode=0; dependencyCheck=0; autowireCandidate=true; primary=false; factoryBeanName=null; factoryMethodName=null; initMethodName=null; destroyMethodName=null] with [Root bean: class [org.springframework.web.accept.ContentNegotiationManagerFactoryBean]; scope=; abstract=false; lazyInit=false; autowireMode=0; dependencyCheck=0; autowireCandidate=true; primary=false; factoryBeanName=null; factoryMethodName=null; initMethodName=null; destroyMethodName=null]
12-13 16:12:35 [INFO][support.DefaultListableBeanFactory(793)] Overriding bean definition for bean 'mvcUriComponentsContributor': replacing [Root bean: class [org.springframework.web.servlet.config.AnnotationDrivenBeanDefinitionParser$CompositeUriComponentsContributorFactoryBean]; scope=; abstract=false; lazyInit=false; autowireMode=0; dependencyCheck=0; autowireCandidate=true; primary=false; factoryBeanName=null; factoryMethodName=null; initMethodName=null; destroyMethodName=null] with [Root bean: class [org.springframework.web.servlet.config.AnnotationDrivenBeanDefinitionParser$CompositeUriComponentsContributorFactoryBean]; scope=; abstract=false; lazyInit=false; autowireMode=0; dependencyCheck=0; autowireCandidate=true; primary=false; factoryBeanName=null; factoryMethodName=null; initMethodName=null; destroyMethodName=null]
12-13 16:12:36 [INFO][config.PropertyPlaceholderConfigurer(172)] Loading properties file from class path resource [jdbc.properties]
12-13 16:12:36 [INFO][annotation.AutowiredAnnotationBeanPostProcessor(153)] JSR-330 'javax.inject.Inject' annotation found and supported for autowiring
12-13 16:12:36 [INFO][pool.DruidDataSource(638)] {dataSource-1} inited
12-13 16:12:36 [INFO][concurrent.ThreadPoolTaskScheduler(165)] Initializing ExecutorService  'taskScheduler'
12-13 16:12:36 [INFO][concurrent.ThreadPoolTaskScheduler(165)] Initializing ExecutorService  'taskScheduler'
12-13 16:12:36 [INFO][annotation.RequestMappingHandlerAdapter(523)] Looking for @ControllerAdvice: WebApplicationContext for namespace 'website-servlet': startup date [Thu Dec 13 16:12:35 CST 2018]; root of context hierarchy
12-13 16:12:37 [INFO][annotation.RequestMappingHandlerMapping(220)] Mapped "{[/wifi/index],methods=[],params=[],headers=[],consumes=[],produces=[],custom=[]}" onto public java.lang.String com.sdyc.hengqin.controller.DetectiveController.add()
12-13 16:12:37 [INFO][annotation.RequestMappingHandlerAdapter(523)] Looking for @ControllerAdvice: WebApplicationContext for namespace 'website-servlet': startup date [Thu Dec 13 16:12:35 CST 2018]; root of context hierarchy
12-13 16:12:37 [INFO][annotation.RequestMappingHandlerAdapter(523)] Looking for @ControllerAdvice: WebApplicationContext for namespace 'website-servlet': startup date [Thu Dec 13 16:12:35 CST 2018]; root of context hierarchy
12-13 16:12:37 [INFO][handler.SimpleUrlHandlerMapping(315)] Mapped URL path [/static/**] onto handler 'org.springframework.web.servlet.resource.ResourceHttpRequestHandler#0'
12-13 16:12:37 [INFO][annotation.RequestMappingHandlerMapping(220)] Mapped "{[/wifi/index],methods=[],params=[],headers=[],consumes=[],produces=[],custom=[]}" onto public java.lang.String com.sdyc.hengqin.controller.DetectiveController.add()
12-13 16:12:37 [INFO][annotation.RequestMappingHandlerAdapter(523)] Looking for @ControllerAdvice: WebApplicationContext for namespace 'website-servlet': startup date [Thu Dec 13 16:12:35 CST 2018]; root of context hierarchy
12-13 16:12:37 [INFO][servlet.DispatcherServlet(503)] FrameworkServlet 'website': initialization completed in 1702 ms
12-13 16:15:32 [INFO][servlet.DispatcherServlet(484)] FrameworkServlet 'website': initialization started
12-13 16:15:32 [INFO][support.XmlWebApplicationContext(510)] Refreshing WebApplicationContext for namespace 'website-servlet': startup date [Thu Dec 13 16:15:32 CST 2018]; root of context hierarchy
12-13 16:15:32 [INFO][xml.XmlBeanDefinitionReader(317)] Loading XML bean definitions from class path resource [website-servlet.xml]
12-13 16:15:32 [INFO][xml.XmlBeanDefinitionReader(317)] Loading XML bean definitions from class path resource [applicationContext.xml]
12-13 16:15:32 [INFO][support.DefaultListableBeanFactory(793)] Overriding bean definition for bean 'mvcContentNegotiationManager': replacing [Root bean: class [org.springframework.web.accept.ContentNegotiationManagerFactoryBean]; scope=; abstract=false; lazyInit=false; autowireMode=0; dependencyCheck=0; autowireCandidate=true; primary=false; factoryBeanName=null; factoryMethodName=null; initMethodName=null; destroyMethodName=null] with [Root bean: class [org.springframework.web.accept.ContentNegotiationManagerFactoryBean]; scope=; abstract=false; lazyInit=false; autowireMode=0; dependencyCheck=0; autowireCandidate=true; primary=false; factoryBeanName=null; factoryMethodName=null; initMethodName=null; destroyMethodName=null]
12-13 16:15:32 [INFO][support.DefaultListableBeanFactory(793)] Overriding bean definition for bean 'mvcUriComponentsContributor': replacing [Root bean: class [org.springframework.web.servlet.config.AnnotationDrivenBeanDefinitionParser$CompositeUriComponentsContributorFactoryBean]; scope=; abstract=false; lazyInit=false; autowireMode=0; dependencyCheck=0; autowireCandidate=true; primary=false; factoryBeanName=null; factoryMethodName=null; initMethodName=null; destroyMethodName=null] with [Root bean: class [org.springframework.web.servlet.config.AnnotationDrivenBeanDefinitionParser$CompositeUriComponentsContributorFactoryBean]; scope=; abstract=false; lazyInit=false; autowireMode=0; dependencyCheck=0; autowireCandidate=true; primary=false; factoryBeanName=null; factoryMethodName=null; initMethodName=null; destroyMethodName=null]
12-13 16:15:32 [INFO][config.PropertyPlaceholderConfigurer(172)] Loading properties file from class path resource [jdbc.properties]
12-13 16:15:32 [INFO][annotation.AutowiredAnnotationBeanPostProcessor(153)] JSR-330 'javax.inject.Inject' annotation found and supported for autowiring
12-13 16:15:33 [INFO][pool.DruidDataSource(638)] {dataSource-1} inited
12-13 16:15:33 [INFO][concurrent.ThreadPoolTaskScheduler(165)] Initializing ExecutorService  'taskScheduler'
12-13 16:15:33 [INFO][concurrent.ThreadPoolTaskScheduler(165)] Initializing ExecutorService  'taskScheduler'
12-13 16:15:33 [INFO][annotation.RequestMappingHandlerAdapter(523)] Looking for @ControllerAdvice: WebApplicationContext for namespace 'website-servlet': startup date [Thu Dec 13 16:15:32 CST 2018]; root of context hierarchy
12-13 16:15:33 [INFO][annotation.RequestMappingHandlerMapping(220)] Mapped "{[/wifi/index],methods=[],params=[],headers=[],consumes=[],produces=[],custom=[]}" onto public java.lang.String com.sdyc.hengqin.controller.DetectiveController.add()
12-13 16:15:33 [INFO][annotation.RequestMappingHandlerAdapter(523)] Looking for @ControllerAdvice: WebApplicationContext for namespace 'website-servlet': startup date [Thu Dec 13 16:15:32 CST 2018]; root of context hierarchy
12-13 16:15:33 [INFO][annotation.RequestMappingHandlerAdapter(523)] Looking for @ControllerAdvice: WebApplicationContext for namespace 'website-servlet': startup date [Thu Dec 13 16:15:32 CST 2018]; root of context hierarchy
12-13 16:15:33 [INFO][handler.SimpleUrlHandlerMapping(315)] Mapped URL path [/static/**] onto handler 'org.springframework.web.servlet.resource.ResourceHttpRequestHandler#0'
12-13 16:15:33 [INFO][annotation.RequestMappingHandlerMapping(220)] Mapped "{[/wifi/index],methods=[],params=[],headers=[],consumes=[],produces=[],custom=[]}" onto public java.lang.String com.sdyc.hengqin.controller.DetectiveController.add()
12-13 16:15:33 [INFO][annotation.RequestMappingHandlerAdapter(523)] Looking for @ControllerAdvice: WebApplicationContext for namespace 'website-servlet': startup date [Thu Dec 13 16:15:32 CST 2018]; root of context hierarchy
12-13 16:15:33 [INFO][servlet.DispatcherServlet(503)] FrameworkServlet 'website': initialization completed in 1564 ms
12-13 16:16:18 [INFO][servlet.DispatcherServlet(484)] FrameworkServlet 'website': initialization started
12-13 16:16:18 [INFO][support.XmlWebApplicationContext(510)] Refreshing WebApplicationContext for namespace 'website-servlet': startup date [Thu Dec 13 16:16:18 CST 2018]; root of context hierarchy
12-13 16:16:18 [INFO][xml.XmlBeanDefinitionReader(317)] Loading XML bean definitions from class path resource [website-servlet.xml]
12-13 16:16:18 [INFO][xml.XmlBeanDefinitionReader(317)] Loading XML bean definitions from class path resource [applicationContext.xml]
12-13 16:16:18 [INFO][support.DefaultListableBeanFactory(793)] Overriding bean definition for bean 'mvcContentNegotiationManager': replacing [Root bean: class [org.springframework.web.accept.ContentNegotiationManagerFactoryBean]; scope=; abstract=false; lazyInit=false; autowireMode=0; dependencyCheck=0; autowireCandidate=true; primary=false; factoryBeanName=null; factoryMethodName=null; initMethodName=null; destroyMethodName=null] with [Root bean: class [org.springframework.web.accept.ContentNegotiationManagerFactoryBean]; scope=; abstract=false; lazyInit=false; autowireMode=0; dependencyCheck=0; autowireCandidate=true; primary=false; factoryBeanName=null; factoryMethodName=null; initMethodName=null; destroyMethodName=null]
12-13 16:16:18 [INFO][support.DefaultListableBeanFactory(793)] Overriding bean definition for bean 'mvcUriComponentsContributor': replacing [Root bean: class [org.springframework.web.servlet.config.AnnotationDrivenBeanDefinitionParser$CompositeUriComponentsContributorFactoryBean]; scope=; abstract=false; lazyInit=false; autowireMode=0; dependencyCheck=0; autowireCandidate=true; primary=false; factoryBeanName=null; factoryMethodName=null; initMethodName=null; destroyMethodName=null] with [Root bean: class [org.springframework.web.servlet.config.AnnotationDrivenBeanDefinitionParser$CompositeUriComponentsContributorFactoryBean]; scope=; abstract=false; lazyInit=false; autowireMode=0; dependencyCheck=0; autowireCandidate=true; primary=false; factoryBeanName=null; factoryMethodName=null; initMethodName=null; destroyMethodName=null]
12-13 16:16:18 [INFO][config.PropertyPlaceholderConfigurer(172)] Loading properties file from class path resource [jdbc.properties]
12-13 16:16:18 [INFO][annotation.AutowiredAnnotationBeanPostProcessor(153)] JSR-330 'javax.inject.Inject' annotation found and supported for autowiring
12-13 16:16:19 [INFO][pool.DruidDataSource(638)] {dataSource-1} inited
12-13 16:16:19 [INFO][concurrent.ThreadPoolTaskScheduler(165)] Initializing ExecutorService  'taskScheduler'
12-13 16:16:19 [INFO][concurrent.ThreadPoolTaskScheduler(165)] Initializing ExecutorService  'taskScheduler'
12-13 16:16:19 [INFO][annotation.RequestMappingHandlerAdapter(523)] Looking for @ControllerAdvice: WebApplicationContext for namespace 'website-servlet': startup date [Thu Dec 13 16:16:18 CST 2018]; root of context hierarchy
12-13 16:16:20 [INFO][annotation.RequestMappingHandlerMapping(220)] Mapped "{[/wifi/index],methods=[],params=[],headers=[],consumes=[],produces=[],custom=[]}" onto public java.lang.String com.sdyc.hengqin.controller.DetectiveController.add()
12-13 16:16:20 [INFO][annotation.RequestMappingHandlerAdapter(523)] Looking for @ControllerAdvice: WebApplicationContext for namespace 'website-servlet': startup date [Thu Dec 13 16:16:18 CST 2018]; root of context hierarchy
12-13 16:16:20 [INFO][annotation.RequestMappingHandlerAdapter(523)] Looking for @ControllerAdvice: WebApplicationContext for namespace 'website-servlet': startup date [Thu Dec 13 16:16:18 CST 2018]; root of context hierarchy
12-13 16:16:20 [INFO][handler.SimpleUrlHandlerMapping(315)] Mapped URL path [/static/**] onto handler 'org.springframework.web.servlet.resource.ResourceHttpRequestHandler#0'
12-13 16:16:20 [INFO][annotation.RequestMappingHandlerMapping(220)] Mapped "{[/wifi/index],methods=[],params=[],headers=[],consumes=[],produces=[],custom=[]}" onto public java.lang.String com.sdyc.hengqin.controller.DetectiveController.add()
12-13 16:16:20 [INFO][annotation.RequestMappingHandlerAdapter(523)] Looking for @ControllerAdvice: WebApplicationContext for namespace 'website-servlet': startup date [Thu Dec 13 16:16:18 CST 2018]; root of context hierarchy
12-13 16:16:20 [INFO][servlet.DispatcherServlet(503)] FrameworkServlet 'website': initialization completed in 1595 ms
12-13 16:16:45 [INFO][servlet.DispatcherServlet(484)] FrameworkServlet 'website': initialization started
12-13 16:16:45 [INFO][support.XmlWebApplicationContext(510)] Refreshing WebApplicationContext for namespace 'website-servlet': startup date [Thu Dec 13 16:16:45 CST 2018]; root of context hierarchy
12-13 16:16:45 [INFO][xml.XmlBeanDefinitionReader(317)] Loading XML bean definitions from class path resource [website-servlet.xml]
12-13 16:16:45 [INFO][xml.XmlBeanDefinitionReader(317)] Loading XML bean definitions from class path resource [applicationContext.xml]
12-13 16:16:45 [INFO][support.DefaultListableBeanFactory(793)] Overriding bean definition for bean 'mvcContentNegotiationManager': replacing [Root bean: class [org.springframework.web.accept.ContentNegotiationManagerFactoryBean]; scope=; abstract=false; lazyInit=false; autowireMode=0; dependencyCheck=0; autowireCandidate=true; primary=false; factoryBeanName=null; factoryMethodName=null; initMethodName=null; destroyMethodName=null] with [Root bean: class [org.springframework.web.accept.ContentNegotiationManagerFactoryBean]; scope=; abstract=false; lazyInit=false; autowireMode=0; dependencyCheck=0; autowireCandidate=true; primary=false; factoryBeanName=null; factoryMethodName=null; initMethodName=null; destroyMethodName=null]
12-13 16:16:45 [INFO][support.DefaultListableBeanFactory(793)] Overriding bean definition for bean 'mvcUriComponentsContributor': replacing [Root bean: class [org.springframework.web.servlet.config.AnnotationDrivenBeanDefinitionParser$CompositeUriComponentsContributorFactoryBean]; scope=; abstract=false; lazyInit=false; autowireMode=0; dependencyCheck=0; autowireCandidate=true; primary=false; factoryBeanName=null; factoryMethodName=null; initMethodName=null; destroyMethodName=null] with [Root bean: class [org.springframework.web.servlet.config.AnnotationDrivenBeanDefinitionParser$CompositeUriComponentsContributorFactoryBean]; scope=; abstract=false; lazyInit=false; autowireMode=0; dependencyCheck=0; autowireCandidate=true; primary=false; factoryBeanName=null; factoryMethodName=null; initMethodName=null; destroyMethodName=null]
12-13 16:16:45 [INFO][config.PropertyPlaceholderConfigurer(172)] Loading properties file from class path resource [jdbc.properties]
12-13 16:16:45 [INFO][annotation.AutowiredAnnotationBeanPostProcessor(153)] JSR-330 'javax.inject.Inject' annotation found and supported for autowiring
12-13 16:16:46 [INFO][pool.DruidDataSource(638)] {dataSource-1} inited
12-13 16:16:46 [INFO][concurrent.ThreadPoolTaskScheduler(165)] Initializing ExecutorService  'taskScheduler'
12-13 16:16:46 [INFO][concurrent.ThreadPoolTaskScheduler(165)] Initializing ExecutorService  'taskScheduler'
12-13 16:16:46 [INFO][annotation.RequestMappingHandlerAdapter(523)] Looking for @ControllerAdvice: WebApplicationContext for namespace 'website-servlet': startup date [Thu Dec 13 16:16:45 CST 2018]; root of context hierarchy
12-13 16:16:47 [INFO][annotation.RequestMappingHandlerMapping(220)] Mapped "{[/wifi/],methods=[],params=[],headers=[],consumes=[],produces=[],custom=[]}" onto public org.springframework.web.servlet.ModelAndView com.sdyc.hengqin.controller.DetectiveController.add(org.springframework.ui.Model)
12-13 16:16:47 [INFO][annotation.RequestMappingHandlerAdapter(523)] Looking for @ControllerAdvice: WebApplicationContext for namespace 'website-servlet': startup date [Thu Dec 13 16:16:45 CST 2018]; root of context hierarchy
12-13 16:16:47 [INFO][annotation.RequestMappingHandlerAdapter(523)] Looking for @ControllerAdvice: WebApplicationContext for namespace 'website-servlet': startup date [Thu Dec 13 16:16:45 CST 2018]; root of context hierarchy
12-13 16:16:47 [INFO][handler.SimpleUrlHandlerMapping(315)] Mapped URL path [/static/**] onto handler 'org.springframework.web.servlet.resource.ResourceHttpRequestHandler#0'
12-13 16:16:47 [INFO][annotation.RequestMappingHandlerMapping(220)] Mapped "{[/wifi/],methods=[],params=[],headers=[],consumes=[],produces=[],custom=[]}" onto public org.springframework.web.servlet.ModelAndView com.sdyc.hengqin.controller.DetectiveController.add(org.springframework.ui.Model)
12-13 16:16:47 [INFO][annotation.RequestMappingHandlerAdapter(523)] Looking for @ControllerAdvice: WebApplicationContext for namespace 'website-servlet': startup date [Thu Dec 13 16:16:45 CST 2018]; root of context hierarchy
12-13 16:16:47 [INFO][servlet.DispatcherServlet(503)] FrameworkServlet 'website': initialization completed in 1623 ms
12-13 16:16:52 [WARN][servlet.PageNotFound(1120)] No mapping found for HTTP request with URI [/wifi/index] in DispatcherServlet with name 'website'
12-13 16:16:55 [WARN][servlet.PageNotFound(1120)] No mapping found for HTTP request with URI [/wifi/index] in DispatcherServlet with name 'website'
12-13 16:17:05 [WARN][servlet.PageNotFound(1120)] No mapping found for HTTP request with URI [/wifi/favicon.ico] in DispatcherServlet with name 'website'
12-13 16:58:22 [INFO][support.XmlWebApplicationContext(862)] Closing WebApplicationContext for namespace 'website-servlet': startup date [Thu Dec 13 16:16:45 CST 2018]; root of context hierarchy
12-13 16:58:22 [INFO][concurrent.ThreadPoolTaskScheduler(203)] Shutting down ExecutorService 'taskScheduler'
12-13 16:58:22 [INFO][pool.DruidDataSource(1288)] {dataSource-1} closed
12-13 16:58:27 [INFO][servlet.DispatcherServlet(484)] FrameworkServlet 'website': initialization started
12-13 16:58:27 [INFO][support.XmlWebApplicationContext(510)] Refreshing WebApplicationContext for namespace 'website-servlet': startup date [Thu Dec 13 16:58:27 CST 2018]; root of context hierarchy
12-13 16:58:27 [INFO][xml.XmlBeanDefinitionReader(317)] Loading XML bean definitions from class path resource [website-servlet.xml]
12-13 16:58:27 [INFO][xml.XmlBeanDefinitionReader(317)] Loading XML bean definitions from class path resource [applicationContext.xml]
12-13 16:58:27 [INFO][support.DefaultListableBeanFactory(793)] Overriding bean definition for bean 'mvcContentNegotiationManager': replacing [Root bean: class [org.springframework.web.accept.ContentNegotiationManagerFactoryBean]; scope=; abstract=false; lazyInit=false; autowireMode=0; dependencyCheck=0; autowireCandidate=true; primary=false; factoryBeanName=null; factoryMethodName=null; initMethodName=null; destroyMethodName=null] with [Root bean: class [org.springframework.web.accept.ContentNegotiationManagerFactoryBean]; scope=; abstract=false; lazyInit=false; autowireMode=0; dependencyCheck=0; autowireCandidate=true; primary=false; factoryBeanName=null; factoryMethodName=null; initMethodName=null; destroyMethodName=null]
12-13 16:58:27 [INFO][support.DefaultListableBeanFactory(793)] Overriding bean definition for bean 'mvcUriComponentsContributor': replacing [Root bean: class [org.springframework.web.servlet.config.AnnotationDrivenBeanDefinitionParser$CompositeUriComponentsContributorFactoryBean]; scope=; abstract=false; lazyInit=false; autowireMode=0; dependencyCheck=0; autowireCandidate=true; primary=false; factoryBeanName=null; factoryMethodName=null; initMethodName=null; destroyMethodName=null] with [Root bean: class [org.springframework.web.servlet.config.AnnotationDrivenBeanDefinitionParser$CompositeUriComponentsContributorFactoryBean]; scope=; abstract=false; lazyInit=false; autowireMode=0; dependencyCheck=0; autowireCandidate=true; primary=false; factoryBeanName=null; factoryMethodName=null; initMethodName=null; destroyMethodName=null]
12-13 16:58:27 [INFO][config.PropertyPlaceholderConfigurer(172)] Loading properties file from class path resource [jdbc.properties]
12-13 16:58:27 [INFO][annotation.AutowiredAnnotationBeanPostProcessor(153)] JSR-330 'javax.inject.Inject' annotation found and supported for autowiring
12-13 16:58:27 [INFO][pool.DruidDataSource(638)] {dataSource-1} inited
12-13 16:58:27 [INFO][concurrent.ThreadPoolTaskScheduler(165)] Initializing ExecutorService  'taskScheduler'
12-13 16:58:27 [INFO][concurrent.ThreadPoolTaskScheduler(165)] Initializing ExecutorService  'taskScheduler'
12-13 16:58:28 [INFO][annotation.RequestMappingHandlerAdapter(523)] Looking for @ControllerAdvice: WebApplicationContext for namespace 'website-servlet': startup date [Thu Dec 13 16:58:27 CST 2018]; root of context hierarchy
12-13 16:58:28 [INFO][annotation.RequestMappingHandlerMapping(220)] Mapped "{[/wifi/],methods=[],params=[],headers=[],consumes=[],produces=[],custom=[]}" onto public org.springframework.web.servlet.ModelAndView com.sdyc.hengqin.controller.DetectiveController.add(org.springframework.ui.Model)
12-13 16:58:28 [INFO][annotation.RequestMappingHandlerAdapter(523)] Looking for @ControllerAdvice: WebApplicationContext for namespace 'website-servlet': startup date [Thu Dec 13 16:58:27 CST 2018]; root of context hierarchy
12-13 16:58:28 [INFO][annotation.RequestMappingHandlerAdapter(523)] Looking for @ControllerAdvice: WebApplicationContext for namespace 'website-servlet': startup date [Thu Dec 13 16:58:27 CST 2018]; root of context hierarchy
12-13 16:58:28 [INFO][handler.SimpleUrlHandlerMapping(315)] Mapped URL path [/static/**] onto handler 'org.springframework.web.servlet.resource.ResourceHttpRequestHandler#0'
12-13 16:58:28 [INFO][annotation.RequestMappingHandlerMapping(220)] Mapped "{[/wifi/],methods=[],params=[],headers=[],consumes=[],produces=[],custom=[]}" onto public org.springframework.web.servlet.ModelAndView com.sdyc.hengqin.controller.DetectiveController.add(org.springframework.ui.Model)
12-13 16:58:28 [INFO][annotation.RequestMappingHandlerAdapter(523)] Looking for @ControllerAdvice: WebApplicationContext for namespace 'website-servlet': startup date [Thu Dec 13 16:58:27 CST 2018]; root of context hierarchy
12-13 16:58:28 [INFO][servlet.DispatcherServlet(503)] FrameworkServlet 'website': initialization completed in 1030 ms
12-13 18:05:02 [INFO][support.XmlWebApplicationContext(862)] Closing WebApplicationContext for namespace 'website-servlet': startup date [Thu Dec 13 16:58:27 CST 2018]; root of context hierarchy
12-13 18:05:02 [INFO][concurrent.ThreadPoolTaskScheduler(203)] Shutting down ExecutorService 'taskScheduler'
12-13 18:05:02 [INFO][pool.DruidDataSource(1288)] {dataSource-1} closed
12-13 18:05:08 [INFO][servlet.DispatcherServlet(484)] FrameworkServlet 'website': initialization started
12-13 18:05:08 [INFO][support.XmlWebApplicationContext(510)] Refreshing WebApplicationContext for namespace 'website-servlet': startup date [Thu Dec 13 18:05:08 CST 2018]; root of context hierarchy
12-13 18:05:08 [INFO][xml.XmlBeanDefinitionReader(317)] Loading XML bean definitions from class path resource [website-servlet.xml]
12-13 18:05:08 [INFO][xml.XmlBeanDefinitionReader(317)] Loading XML bean definitions from class path resource [applicationContext.xml]
12-13 18:05:08 [INFO][support.DefaultListableBeanFactory(793)] Overriding bean definition for bean 'mvcContentNegotiationManager': replacing [Root bean: class [org.springframework.web.accept.ContentNegotiationManagerFactoryBean]; scope=; abstract=false; lazyInit=false; autowireMode=0; dependencyCheck=0; autowireCandidate=true; primary=false; factoryBeanName=null; factoryMethodName=null; initMethodName=null; destroyMethodName=null] with [Root bean: class [org.springframework.web.accept.ContentNegotiationManagerFactoryBean]; scope=; abstract=false; lazyInit=false; autowireMode=0; dependencyCheck=0; autowireCandidate=true; primary=false; factoryBeanName=null; factoryMethodName=null; initMethodName=null; destroyMethodName=null]
12-13 18:05:08 [INFO][support.DefaultListableBeanFactory(793)] Overriding bean definition for bean 'mvcUriComponentsContributor': replacing [Root bean: class [org.springframework.web.servlet.config.AnnotationDrivenBeanDefinitionParser$CompositeUriComponentsContributorFactoryBean]; scope=; abstract=false; lazyInit=false; autowireMode=0; dependencyCheck=0; autowireCandidate=true; primary=false; factoryBeanName=null; factoryMethodName=null; initMethodName=null; destroyMethodName=null] with [Root bean: class [org.springframework.web.servlet.config.AnnotationDrivenBeanDefinitionParser$CompositeUriComponentsContributorFactoryBean]; scope=; abstract=false; lazyInit=false; autowireMode=0; dependencyCheck=0; autowireCandidate=true; primary=false; factoryBeanName=null; factoryMethodName=null; initMethodName=null; destroyMethodName=null]
12-13 18:05:08 [INFO][config.PropertyPlaceholderConfigurer(172)] Loading properties file from class path resource [jdbc.properties]
12-13 18:05:08 [INFO][annotation.AutowiredAnnotationBeanPostProcessor(153)] JSR-330 'javax.inject.Inject' annotation found and supported for autowiring
12-13 18:05:08 [INFO][pool.DruidDataSource(638)] {dataSource-1} inited
12-13 18:05:08 [INFO][concurrent.ThreadPoolTaskScheduler(165)] Initializing ExecutorService  'taskScheduler'
12-13 18:05:08 [INFO][concurrent.ThreadPoolTaskScheduler(165)] Initializing ExecutorService  'taskScheduler'
12-13 18:05:08 [INFO][annotation.RequestMappingHandlerAdapter(523)] Looking for @ControllerAdvice: WebApplicationContext for namespace 'website-servlet': startup date [Thu Dec 13 18:05:08 CST 2018]; root of context hierarchy
12-13 18:05:08 [INFO][annotation.RequestMappingHandlerMapping(220)] Mapped "{[/wifi/],methods=[],params=[],headers=[],consumes=[],produces=[],custom=[]}" onto public org.springframework.web.servlet.ModelAndView com.sdyc.hengqin.controller.DetectiveController.add(org.springframework.ui.Model)
12-13 18:05:08 [INFO][annotation.RequestMappingHandlerAdapter(523)] Looking for @ControllerAdvice: WebApplicationContext for namespace 'website-servlet': startup date [Thu Dec 13 18:05:08 CST 2018]; root of context hierarchy
12-13 18:05:08 [INFO][annotation.RequestMappingHandlerAdapter(523)] Looking for @ControllerAdvice: WebApplicationContext for namespace 'website-servlet': startup date [Thu Dec 13 18:05:08 CST 2018]; root of context hierarchy
12-13 18:05:09 [INFO][handler.SimpleUrlHandlerMapping(315)] Mapped URL path [/static/**] onto handler 'org.springframework.web.servlet.resource.ResourceHttpRequestHandler#0'
12-13 18:05:09 [INFO][annotation.RequestMappingHandlerMapping(220)] Mapped "{[/wifi/],methods=[],params=[],headers=[],consumes=[],produces=[],custom=[]}" onto public org.springframework.web.servlet.ModelAndView com.sdyc.hengqin.controller.DetectiveController.add(org.springframework.ui.Model)
12-13 18:05:09 [INFO][annotation.RequestMappingHandlerAdapter(523)] Looking for @ControllerAdvice: WebApplicationContext for namespace 'website-servlet': startup date [Thu Dec 13 18:05:08 CST 2018]; root of context hierarchy
12-13 18:05:09 [INFO][servlet.DispatcherServlet(503)] FrameworkServlet 'website': initialization completed in 1416 ms
12-13 18:05:53 [INFO][support.XmlWebApplicationContext(862)] Closing WebApplicationContext for namespace 'website-servlet': startup date [Thu Dec 13 18:05:08 CST 2018]; root of context hierarchy
12-13 18:05:53 [INFO][concurrent.ThreadPoolTaskScheduler(203)] Shutting down ExecutorService 'taskScheduler'
12-13 18:05:53 [INFO][pool.DruidDataSource(1288)] {dataSource-1} closed
12-13 18:05:56 [INFO][servlet.DispatcherServlet(484)] FrameworkServlet 'website': initialization started
12-13 18:05:56 [INFO][support.XmlWebApplicationContext(510)] Refreshing WebApplicationContext for namespace 'website-servlet': startup date [Thu Dec 13 18:05:56 CST 2018]; root of context hierarchy
12-13 18:05:56 [INFO][xml.XmlBeanDefinitionReader(317)] Loading XML bean definitions from class path resource [website-servlet.xml]
12-13 18:05:56 [INFO][xml.XmlBeanDefinitionReader(317)] Loading XML bean definitions from class path resource [applicationContext.xml]
12-13 18:05:56 [INFO][support.DefaultListableBeanFactory(793)] Overriding bean definition for bean 'mvcContentNegotiationManager': replacing [Root bean: class [org.springframework.web.accept.ContentNegotiationManagerFactoryBean]; scope=; abstract=false; lazyInit=false; autowireMode=0; dependencyCheck=0; autowireCandidate=true; primary=false; factoryBeanName=null; factoryMethodName=null; initMethodName=null; destroyMethodName=null] with [Root bean: class [org.springframework.web.accept.ContentNegotiationManagerFactoryBean]; scope=; abstract=false; lazyInit=false; autowireMode=0; dependencyCheck=0; autowireCandidate=true; primary=false; factoryBeanName=null; factoryMethodName=null; initMethodName=null; destroyMethodName=null]
12-13 18:05:56 [INFO][support.DefaultListableBeanFactory(793)] Overriding bean definition for bean 'mvcUriComponentsContributor': replacing [Root bean: class [org.springframework.web.servlet.config.AnnotationDrivenBeanDefinitionParser$CompositeUriComponentsContributorFactoryBean]; scope=; abstract=false; lazyInit=false; autowireMode=0; dependencyCheck=0; autowireCandidate=true; primary=false; factoryBeanName=null; factoryMethodName=null; initMethodName=null; destroyMethodName=null] with [Root bean: class [org.springframework.web.servlet.config.AnnotationDrivenBeanDefinitionParser$CompositeUriComponentsContributorFactoryBean]; scope=; abstract=false; lazyInit=false; autowireMode=0; dependencyCheck=0; autowireCandidate=true; primary=false; factoryBeanName=null; factoryMethodName=null; initMethodName=null; destroyMethodName=null]
12-13 18:05:57 [INFO][config.PropertyPlaceholderConfigurer(172)] Loading properties file from class path resource [jdbc.properties]
12-13 18:05:57 [INFO][annotation.AutowiredAnnotationBeanPostProcessor(153)] JSR-330 'javax.inject.Inject' annotation found and supported for autowiring
12-13 18:05:57 [INFO][pool.DruidDataSource(638)] {dataSource-1} inited
12-13 18:05:57 [INFO][concurrent.ThreadPoolTaskScheduler(165)] Initializing ExecutorService  'taskScheduler'
12-13 18:05:57 [INFO][concurrent.ThreadPoolTaskScheduler(165)] Initializing ExecutorService  'taskScheduler'
12-13 18:05:57 [INFO][annotation.RequestMappingHandlerAdapter(523)] Looking for @ControllerAdvice: WebApplicationContext for namespace 'website-servlet': startup date [Thu Dec 13 18:05:56 CST 2018]; root of context hierarchy
12-13 18:05:57 [INFO][annotation.RequestMappingHandlerMapping(220)] Mapped "{[/wifi/],methods=[],params=[],headers=[],consumes=[],produces=[],custom=[]}" onto public org.springframework.web.servlet.ModelAndView com.sdyc.hengqin.controller.DetectiveController.add(org.springframework.ui.Model)
12-13 18:05:57 [INFO][annotation.RequestMappingHandlerAdapter(523)] Looking for @ControllerAdvice: WebApplicationContext for namespace 'website-servlet': startup date [Thu Dec 13 18:05:56 CST 2018]; root of context hierarchy
12-13 18:05:57 [INFO][annotation.RequestMappingHandlerAdapter(523)] Looking for @ControllerAdvice: WebApplicationContext for namespace 'website-servlet': startup date [Thu Dec 13 18:05:56 CST 2018]; root of context hierarchy
12-13 18:05:57 [INFO][handler.SimpleUrlHandlerMapping(315)] Mapped URL path [/static/**] onto handler 'org.springframework.web.servlet.resource.ResourceHttpRequestHandler#0'
12-13 18:05:57 [INFO][annotation.RequestMappingHandlerMapping(220)] Mapped "{[/wifi/],methods=[],params=[],headers=[],consumes=[],produces=[],custom=[]}" onto public org.springframework.web.servlet.ModelAndView com.sdyc.hengqin.controller.DetectiveController.add(org.springframework.ui.Model)
12-13 18:05:57 [INFO][annotation.RequestMappingHandlerAdapter(523)] Looking for @ControllerAdvice: WebApplicationContext for namespace 'website-servlet': startup date [Thu Dec 13 18:05:56 CST 2018]; root of context hierarchy
12-13 18:05:57 [INFO][servlet.DispatcherServlet(503)] FrameworkServlet 'website': initialization completed in 934 ms
12-13 18:08:04 [INFO][support.XmlWebApplicationContext(862)] Closing WebApplicationContext for namespace 'website-servlet': startup date [Thu Dec 13 18:05:56 CST 2018]; root of context hierarchy
12-13 18:08:04 [INFO][concurrent.ThreadPoolTaskScheduler(203)] Shutting down ExecutorService 'taskScheduler'
12-13 18:08:04 [INFO][pool.DruidDataSource(1288)] {dataSource-1} closed
12-13 18:08:08 [INFO][servlet.DispatcherServlet(484)] FrameworkServlet 'website': initialization started
12-13 18:08:08 [INFO][support.XmlWebApplicationContext(510)] Refreshing WebApplicationContext for namespace 'website-servlet': startup date [Thu Dec 13 18:08:08 CST 2018]; root of context hierarchy
12-13 18:08:08 [INFO][xml.XmlBeanDefinitionReader(317)] Loading XML bean definitions from class path resource [website-servlet.xml]
12-13 18:08:08 [INFO][xml.XmlBeanDefinitionReader(317)] Loading XML bean definitions from class path resource [applicationContext.xml]
12-13 18:08:08 [INFO][support.DefaultListableBeanFactory(793)] Overriding bean definition for bean 'mvcContentNegotiationManager': replacing [Root bean: class [org.springframework.web.accept.ContentNegotiationManagerFactoryBean]; scope=; abstract=false; lazyInit=false; autowireMode=0; dependencyCheck=0; autowireCandidate=true; primary=false; factoryBeanName=null; factoryMethodName=null; initMethodName=null; destroyMethodName=null] with [Root bean: class [org.springframework.web.accept.ContentNegotiationManagerFactoryBean]; scope=; abstract=false; lazyInit=false; autowireMode=0; dependencyCheck=0; autowireCandidate=true; primary=false; factoryBeanName=null; factoryMethodName=null; initMethodName=null; destroyMethodName=null]
12-13 18:08:08 [INFO][support.DefaultListableBeanFactory(793)] Overriding bean definition for bean 'mvcUriComponentsContributor': replacing [Root bean: class [org.springframework.web.servlet.config.AnnotationDrivenBeanDefinitionParser$CompositeUriComponentsContributorFactoryBean]; scope=; abstract=false; lazyInit=false; autowireMode=0; dependencyCheck=0; autowireCandidate=true; primary=false; factoryBeanName=null; factoryMethodName=null; initMethodName=null; destroyMethodName=null] with [Root bean: class [org.springframework.web.servlet.config.AnnotationDrivenBeanDefinitionParser$CompositeUriComponentsContributorFactoryBean]; scope=; abstract=false; lazyInit=false; autowireMode=0; dependencyCheck=0; autowireCandidate=true; primary=false; factoryBeanName=null; factoryMethodName=null; initMethodName=null; destroyMethodName=null]
12-13 18:08:08 [INFO][config.PropertyPlaceholderConfigurer(172)] Loading properties file from class path resource [jdbc.properties]
12-13 18:08:08 [INFO][annotation.AutowiredAnnotationBeanPostProcessor(153)] JSR-330 'javax.inject.Inject' annotation found and supported for autowiring
12-13 18:08:08 [INFO][pool.DruidDataSource(638)] {dataSource-1} inited
12-13 18:08:09 [INFO][concurrent.ThreadPoolTaskScheduler(165)] Initializing ExecutorService  'taskScheduler'
12-13 18:08:09 [INFO][concurrent.ThreadPoolTaskScheduler(165)] Initializing ExecutorService  'taskScheduler'
12-13 18:08:09 [INFO][annotation.RequestMappingHandlerAdapter(523)] Looking for @ControllerAdvice: WebApplicationContext for namespace 'website-servlet': startup date [Thu Dec 13 18:08:08 CST 2018]; root of context hierarchy
12-13 18:08:09 [INFO][annotation.RequestMappingHandlerMapping(220)] Mapped "{[/wifi/],methods=[],params=[],headers=[],consumes=[],produces=[],custom=[]}" onto public org.springframework.web.servlet.ModelAndView com.sdyc.hengqin.controller.DetectiveController.add(org.springframework.ui.Model)
12-13 18:08:09 [INFO][annotation.RequestMappingHandlerAdapter(523)] Looking for @ControllerAdvice: WebApplicationContext for namespace 'website-servlet': startup date [Thu Dec 13 18:08:08 CST 2018]; root of context hierarchy
12-13 18:08:09 [INFO][annotation.RequestMappingHandlerAdapter(523)] Looking for @ControllerAdvice: WebApplicationContext for namespace 'website-servlet': startup date [Thu Dec 13 18:08:08 CST 2018]; root of context hierarchy
12-13 18:08:09 [INFO][handler.SimpleUrlHandlerMapping(315)] Mapped URL path [/static/**] onto handler 'org.springframework.web.servlet.resource.ResourceHttpRequestHandler#0'
12-13 18:08:09 [INFO][annotation.RequestMappingHandlerMapping(220)] Mapped "{[/wifi/],methods=[],params=[],headers=[],consumes=[],produces=[],custom=[]}" onto public org.springframework.web.servlet.ModelAndView com.sdyc.hengqin.controller.DetectiveController.add(org.springframework.ui.Model)
12-13 18:08:09 [INFO][annotation.RequestMappingHandlerAdapter(523)] Looking for @ControllerAdvice: WebApplicationContext for namespace 'website-servlet': startup date [Thu Dec 13 18:08:08 CST 2018]; root of context hierarchy
12-13 18:08:09 [INFO][servlet.DispatcherServlet(503)] FrameworkServlet 'website': initialization completed in 990 ms
